<?xml version="1.0" encoding="UTF-8" ?>
<testsuite errors="0" failures="0" hostname="MALLICKH2" name="net.sourceforge.tess4j.TessAPITest" skipped="0" tests="17" time="19.073" timestamp="2016-05-18T12:27:34">
  <properties>
[...]
</properties>
  <testcase classname="net.sourceforge.tess4j.TessAPITest" name="testTessBaseAPIAnalyseLayout" time="1.646" />
  <testcase classname="net.sourceforge.tess4j.TessAPITest" name="testChoiceIterator" time="0.968" />
  <testcase classname="net.sourceforge.tess4j.TessAPITest" name="testTessBaseAPIGetUTF8Text" time="1.686" />
  <testcase classname="net.sourceforge.tess4j.TessAPITest" name="testOSD" time="4.156" />
  <testcase classname="net.sourceforge.tess4j.TessAPITest" name="testTessBaseAPIGetUTF8Text_Pix" time="1.464" />
  <testcase classname="net.sourceforge.tess4j.TessAPITest" name="testTessBaseAPIGetInitLanguagesAsString" time="0.001" />
  <testcase classname="net.sourceforge.tess4j.TessAPITest" name="testTessBaseAPIGetComponentImages" time="1.741" />
  <testcase classname="net.sourceforge.tess4j.TessAPITest" name="testTessBaseAPIRect" time="1.588" />
  <testcase classname="net.sourceforge.tess4j.TessAPITest" name="testTessBaseAPIGetBoolVariable" time="0.002" />
  <testcase classname="net.sourceforge.tess4j.TessAPITest" name="testTessBaseAPIPrintVariablesToFile" time="0.023" />
  <testcase classname="net.sourceforge.tess4j.TessAPITest" name="testResultRenderer" time="1.407" />
  <testcase classname="net.sourceforge.tess4j.TessAPITest" name="testTessBaseAPIInit4" time="0.24" />
  <testcase classname="net.sourceforge.tess4j.TessAPITest" name="testTessBaseAPIGetLoadedLanguagesAsVector" time="0.24" />
  <testcase classname="net.sourceforge.tess4j.TessAPITest" name="testTessBaseAPIGetAvailableLanguagesAsVector" time="0.296" />
  <testcase classname="net.sourceforge.tess4j.TessAPITest" name="testTessBaseAPIGetHOCRText" time="1.546" />
  <testcase classname="net.sourceforge.tess4j.TessAPITest" name="testResultIterator" time="1.936" />
  <testcase classname="net.sourceforge.tess4j.TessAPITest" name="testTessVersion" time="0.001" />
  <system-out><![CDATA[17:57:35.491 [main] INFO net.sourceforge.tess4j.TessAPITest - TessBaseAPIAnalyseLayout
17:57:36.195 [main] INFO net.sourceforge.tess4j.TessAPITest - PageIteratorLevel: RIL_TEXTLINE
17:57:36.257 [main] INFO net.sourceforge.tess4j.TessAPITest - Box[0]: x=105, y=66, w=718, h=47
17:57:36.258 [main] INFO net.sourceforge.tess4j.TessAPITest - Box[1]: x=104, y=115, w=783, h=50
17:57:36.259 [main] INFO net.sourceforge.tess4j.TessAPITest - Box[2]: x=103, y=165, w=732, h=41
17:57:36.260 [main] INFO net.sourceforge.tess4j.TessAPITest - Box[3]: x=103, y=215, w=808, h=49
17:57:36.261 [main] INFO net.sourceforge.tess4j.TessAPITest - Box[4]: x=102, y=266, w=775, h=48
17:57:36.262 [main] INFO net.sourceforge.tess4j.TessAPITest - Box[5]: x=102, y=315, w=816, h=42
17:57:36.262 [main] INFO net.sourceforge.tess4j.TessAPITest - Box[6]: x=101, y=366, w=732, h=43
17:57:36.263 [main] INFO net.sourceforge.tess4j.TessAPITest - Box[7]: x=100, y=419, w=759, h=45
17:57:36.263 [main] INFO net.sourceforge.tess4j.TessAPITest - Box[8]: x=100, y=466, w=734, h=45
17:57:36.264 [main] INFO net.sourceforge.tess4j.TessAPITest - Box[9]: x=99, y=516, w=734, h=47
17:57:36.265 [main] INFO net.sourceforge.tess4j.TessAPITest - Box[10]: x=98, y=568, w=731, h=45
17:57:36.265 [main] INFO net.sourceforge.tess4j.TessAPITest - Box[11]: x=98, y=616, w=612, h=45
17:57:36.284 [main] INFO net.sourceforge.tess4j.TessAPITest - TessResultIteratorGetChoiceIterator
17:57:36.955 [Thread-2] INFO net.sourceforge.tess4j.ProgressMonitor - ocr alive: false
17:57:36.955 [Thread-2] INFO net.sourceforge.tess4j.ProgressMonitor - progress: 0
17:57:37.055 [Thread-2] INFO net.sourceforge.tess4j.ProgressMonitor - ocr alive: false
17:57:37.055 [Thread-2] INFO net.sourceforge.tess4j.ProgressMonitor - progress: 0
17:57:37.155 [Thread-2] INFO net.sourceforge.tess4j.ProgressMonitor - ocr alive: false
17:57:37.155 [Thread-2] INFO net.sourceforge.tess4j.ProgressMonitor - progress: 0
17:57:37.177 [main] INFO net.sourceforge.tess4j.TessAPITest - Message: 000
17:57:37.179 [main] INFO net.sourceforge.tess4j.TessAPITest - symbol ”, conf: 75.915962
	- 17:57:37.180 [main] INFO net.sourceforge.tess4j.TessAPITest - n conf: 80.995392
		- 17:57:37.181 [main] INFO net.sourceforge.tess4j.TessAPITest - u conf: 79.086304
		- 17:57:37.181 [main] INFO net.sourceforge.tess4j.TessAPITest - ” conf: 75.915962
		- 17:57:37.181 [main] INFO net.sourceforge.tess4j.TessAPITest - H conf: 75.478256
		- 17:57:37.182 [main] INFO net.sourceforge.tess4j.TessAPITest - U conf: 71.112495
		- 17:57:37.182 [main] INFO net.sourceforge.tess4j.TessAPITest - ? conf: 70.597626
		- 17:57:37.182 [main] INFO net.sourceforge.tess4j.TessAPITest - “ conf: 69.495064
		- 17:57:37.183 [main] INFO net.sourceforge.tess4j.TessAPITest - m conf: 68.843292
		- 17:57:37.183 [main] INFO net.sourceforge.tess4j.TessAPITest - M conf: 67.530167
		- 17:57:37.183 [main] INFO net.sourceforge.tess4j.TessAPITest - N conf: 67.238068
17:57:37.183 [main] INFO net.sourceforge.tess4j.TessAPITest - ---------------------------------------------
17:57:37.184 [main] INFO net.sourceforge.tess4j.TessAPITest - symbol u, conf: 85.461090
	- 17:57:37.184 [main] INFO net.sourceforge.tess4j.TessAPITest - u conf: 85.461090
		- 17:57:37.184 [main] INFO net.sourceforge.tess4j.TessAPITest - 0 conf: 82.795883
		- 17:57:37.184 [main] INFO net.sourceforge.tess4j.TessAPITest - U conf: 81.044731
		- 17:57:37.185 [main] INFO net.sourceforge.tess4j.TessAPITest - o conf: 80.628052
		- 17:57:37.185 [main] INFO net.sourceforge.tess4j.TessAPITest - O conf: 75.804092
		- 17:57:37.185 [main] INFO net.sourceforge.tess4j.TessAPITest - D conf: 73.159180
		- 17:57:37.186 [main] INFO net.sourceforge.tess4j.TessAPITest - n conf: 72.561432
		- 17:57:37.186 [main] INFO net.sourceforge.tess4j.TessAPITest - a conf: 72.536652
		- 17:57:37.186 [main] INFO net.sourceforge.tess4j.TessAPITest - Q conf: 71.146194
17:57:37.186 [main] INFO net.sourceforge.tess4j.TessAPITest - ---------------------------------------------
17:57:37.187 [main] INFO net.sourceforge.tess4j.TessAPITest - symbol m, conf: 86.553200
	- 17:57:37.187 [main] INFO net.sourceforge.tess4j.TessAPITest - m conf: 86.553200
		- 17:57:37.187 [main] INFO net.sourceforge.tess4j.TessAPITest - w conf: 73.913483
17:57:37.188 [main] INFO net.sourceforge.tess4j.TessAPITest - ---------------------------------------------
17:57:37.188 [main] INFO net.sourceforge.tess4j.TessAPITest - symbol a, conf: 87.259933
	- 17:57:37.189 [main] INFO net.sourceforge.tess4j.TessAPITest - a conf: 87.259933
		- 17:57:37.189 [main] INFO net.sourceforge.tess4j.TessAPITest - u conf: 73.123428
17:57:37.189 [main] INFO net.sourceforge.tess4j.TessAPITest - ---------------------------------------------
17:57:37.190 [main] INFO net.sourceforge.tess4j.TessAPITest - symbol s, conf: 93.835777
	- 17:57:37.190 [main] INFO net.sourceforge.tess4j.TessAPITest - s conf: 93.835777
		- 17:57:37.191 [main] INFO net.sourceforge.tess4j.TessAPITest - 5 conf: 87.603432
		- 17:57:37.192 [main] INFO net.sourceforge.tess4j.TessAPITest - S conf: 85.454666
		- 17:57:37.192 [main] INFO net.sourceforge.tess4j.TessAPITest - $ conf: 82.590813
		- 17:57:37.193 [main] INFO net.sourceforge.tess4j.TessAPITest - § conf: 79.942047
17:57:37.193 [main] INFO net.sourceforge.tess4j.TessAPITest - ---------------------------------------------
17:57:37.193 [main] INFO net.sourceforge.tess4j.TessAPITest - symbol p, conf: 95.687866
	- 17:57:37.194 [main] INFO net.sourceforge.tess4j.TessAPITest - p conf: 95.687866
17:57:37.194 [main] INFO net.sourceforge.tess4j.TessAPITest - ---------------------------------------------
17:57:37.194 [main] INFO net.sourceforge.tess4j.TessAPITest - symbol a, conf: 91.527740
	- 17:57:37.195 [main] INFO net.sourceforge.tess4j.TessAPITest - a conf: 91.527740
17:57:37.195 [main] INFO net.sourceforge.tess4j.TessAPITest - ---------------------------------------------
17:57:37.210 [main] INFO net.sourceforge.tess4j.TessAPITest - symbol m, conf: 93.009445
	- 17:57:37.210 [main] INFO net.sourceforge.tess4j.TessAPITest - m conf: 93.009445
17:57:37.210 [main] INFO net.sourceforge.tess4j.TessAPITest - ---------------------------------------------
17:57:37.211 [main] INFO net.sourceforge.tess4j.TessAPITest - symbol m, conf: 93.132942
	- 17:57:37.211 [main] INFO net.sourceforge.tess4j.TessAPITest - m conf: 93.132942
17:57:37.211 [main] INFO net.sourceforge.tess4j.TessAPITest - ---------------------------------------------
17:57:37.212 [main] INFO net.sourceforge.tess4j.TessAPITest - symbol e, conf: 91.107666
	- 17:57:37.213 [main] INFO net.sourceforge.tess4j.TessAPITest - e conf: 91.107666
		- 17:57:37.213 [main] INFO net.sourceforge.tess4j.TessAPITest - c conf: 81.621017
17:57:37.213 [main] INFO net.sourceforge.tess4j.TessAPITest - ---------------------------------------------
17:57:37.213 [main] INFO net.sourceforge.tess4j.TessAPITest - symbol r, conf: 85.452377
	- 17:57:37.214 [main] INFO net.sourceforge.tess4j.TessAPITest - r conf: 85.452377
		- 17:57:37.215 [main] INFO net.sourceforge.tess4j.TessAPITest - t conf: 76.010422
		- 17:57:37.216 [main] INFO net.sourceforge.tess4j.TessAPITest - I conf: 74.115311
17:57:37.218 [main] INFO net.sourceforge.tess4j.TessAPITest - ---------------------------------------------
17:57:37.219 [main] INFO net.sourceforge.tess4j.TessAPITest - symbol @, conf: 73.220566
	- 17:57:37.219 [main] INFO net.sourceforge.tess4j.TessAPITest - @ conf: 73.220566
17:57:37.220 [main] INFO net.sourceforge.tess4j.TessAPITest - ---------------------------------------------
17:57:37.220 [main] INFO net.sourceforge.tess4j.TessAPITest - symbol w, conf: 96.203575
	- 17:57:37.221 [main] INFO net.sourceforge.tess4j.TessAPITest - w conf: 96.203575
		- 17:57:37.222 [main] INFO net.sourceforge.tess4j.TessAPITest - W conf: 89.168915
17:57:37.222 [main] INFO net.sourceforge.tess4j.TessAPITest - ---------------------------------------------
17:57:37.222 [main] INFO net.sourceforge.tess4j.TessAPITest - symbol e, conf: 92.872879
	- 17:57:37.223 [main] INFO net.sourceforge.tess4j.TessAPITest - e conf: 92.872879
		- 17:57:37.224 [main] INFO net.sourceforge.tess4j.TessAPITest - c conf: 79.961136
17:57:37.225 [main] INFO net.sourceforge.tess4j.TessAPITest - ---------------------------------------------
17:57:37.226 [main] INFO net.sourceforge.tess4j.TessAPITest - symbol 0, conf: 82.015205
	- 17:57:37.228 [main] INFO net.sourceforge.tess4j.TessAPITest - D conf: 84.704590
		- 17:57:37.229 [main] INFO net.sourceforge.tess4j.TessAPITest - o conf: 83.438599
		- 17:57:37.229 [main] INFO net.sourceforge.tess4j.TessAPITest - 0 conf: 82.015205
		- 17:57:37.229 [main] INFO net.sourceforge.tess4j.TessAPITest - O conf: 80.526337
		- 17:57:37.229 [main] INFO net.sourceforge.tess4j.TessAPITest - b conf: 80.402985
		- 17:57:37.230 [main] INFO net.sourceforge.tess4j.TessAPITest - n conf: 79.619080
		- 17:57:37.230 [main] INFO net.sourceforge.tess4j.TessAPITest - u conf: 79.599983
		- 17:57:37.231 [main] INFO net.sourceforge.tess4j.TessAPITest - U conf: 79.159546
		- 17:57:37.231 [main] INFO net.sourceforge.tess4j.TessAPITest - v conf: 76.372604
		- 17:57:37.231 [main] INFO net.sourceforge.tess4j.TessAPITest - a conf: 74.261772
17:57:37.231 [main] INFO net.sourceforge.tess4j.TessAPITest - ---------------------------------------------
17:57:37.232 [main] INFO net.sourceforge.tess4j.TessAPITest - symbol 5, conf: 84.670212
	- 17:57:37.232 [main] INFO net.sourceforge.tess4j.TessAPITest - s conf: 93.219666
		- 17:57:37.232 [main] INFO net.sourceforge.tess4j.TessAPITest - S conf: 89.481613
		- 17:57:37.233 [main] INFO net.sourceforge.tess4j.TessAPITest - 5 conf: 84.670212
		- 17:57:37.233 [main] INFO net.sourceforge.tess4j.TessAPITest - $ conf: 82.283829
		- 17:57:37.233 [main] INFO net.sourceforge.tess4j.TessAPITest - § conf: 79.448044
17:57:37.233 [main] INFO net.sourceforge.tess4j.TessAPITest - ---------------------------------------------
17:57:37.234 [main] INFO net.sourceforge.tess4j.TessAPITest - symbol 1, conf: 84.163788
	- 17:57:37.234 [main] INFO net.sourceforge.tess4j.TessAPITest - 1 conf: 84.163788
		- 17:57:37.235 [main] INFO net.sourceforge.tess4j.TessAPITest - l conf: 81.785667
		- 17:57:37.235 [main] INFO net.sourceforge.tess4j.TessAPITest - I conf: 78.418610
		- 17:57:37.235 [main] INFO net.sourceforge.tess4j.TessAPITest - ! conf: 74.251030
		- 17:57:37.236 [main] INFO net.sourceforge.tess4j.TessAPITest - i conf: 72.678902
17:57:37.236 [main] INFO net.sourceforge.tess4j.TessAPITest - ---------------------------------------------
17:57:37.253 [main] INFO net.sourceforge.tess4j.TessAPITest - TessBaseAPIGetUTF8Text
17:57:37.255 [Thread-2] INFO net.sourceforge.tess4j.ProgressMonitor - ocr alive: true
17:57:37.255 [Thread-2] INFO net.sourceforge.tess4j.ProgressMonitor - progress: 100
17:57:38.922 [main] INFO net.sourceforge.tess4j.TessAPITest - The (quick) [brown] {fox} jumps!
Over the $43,456.78 <lazy> #90 dog
& duck/goose, as 12.5% of E-mail
from aspammer@website.com is spam.
Der ,,schnelle” braune Fuchs springt
?ber den faulen Hund. Le renard brun
«rapide» saute par-dessus le chien
paresseux. La volpe marrone rapida
salta sopra i] cane pigro. El zorro
marrén répido salta sobre el perro
perezoso. A raposa marrom répida
salta sobre 0 C50 preguieoso.


17:57:38.941 [main] INFO net.sourceforge.tess4j.TessAPITest - OSD
17:57:39.189 [main] INFO net.sourceforge.tess4j.TessAPITest - PSM: PSM_AUTO_OSD
17:57:43.061 [main] INFO net.sourceforge.tess4j.TessAPITest - Orientation: ORIENTATION_PAGE_UP
WritingDirection: WRITING_DIRECTION_LEFT_TO_RIGHT
TextlineOrder: TEXTLINE_ORDER_TOP_TO_BOTTOM
Deskew angle: 0.0138

17:57:43.099 [main] INFO net.sourceforge.tess4j.TessAPITest - TessBaseAPIGetUTF8Text_Pix
17:57:44.544 [main] INFO net.sourceforge.tess4j.TessAPITest - The (quick) [brown] {fox} jumps!
Over the $43,456.78 <lazy> #90 dog
& duck/goose, as 12.5% of E-mail
from aspammer@website.com is spam.
Der ,,schnelle” braune Fuchs springt
?ber den faulen Hund. Le renard brun
«rapide» saute par-dessus le chien
paresseux. La volpe marrone rapida
salta sopra i] cane pigro. El zorro
marrén répido salta sobre el perro
perezoso. A raposa marrom répida
salta sobre 0 C50 preguieoso.


17:57:44.565 [main] INFO net.sourceforge.tess4j.TessAPITest - TessBaseAPIGetInitLanguagesAsString
17:57:44.567 [main] INFO net.sourceforge.tess4j.TessAPITest - TessBaseAPIGetComponentImages
Box[0]: x=105, y=66, w=718, h=47, confidence: 88, text: The (quick) [brown] {fox} jumps!

Box[1]: x=104, y=115, w=783, h=50, confidence: 90, text: Over the $43,456.78 <lazy> #90 dog

Box[2]: x=103, y=165, w=732, h=41, confidence: 90, text: & duck/goose, as 12.5% of E-mail

Box[3]: x=103, y=215, w=808, h=49, confidence: 88, text: from aspammer@website.com is spam.

Box[4]: x=102, y=266, w=775, h=48, confidence: 85, text: Der ,,schnelle” braune Fuchs springt

Box[5]: x=102, y=315, w=816, h=42, confidence: 86, text: ?ber den faulen Hund. Le renard brun

Box[6]: x=101, y=366, w=732, h=43, confidence: 88, text: «rapide» saute par-dessus le chien

Box[7]: x=100, y=419, w=759, h=45, confidence: 88, text: paresseux. La volpe marrone rapida

Box[8]: x=100, y=466, w=734, h=45, confidence: 90, text: salta sopra i] cane pigro. El zorro

Box[9]: x=99, y=516, w=734, h=47, confidence: 86, text: marrén répido salta sobre el perro

Box[10]: x=98, y=568, w=731, h=45, confidence: 87, text: perezoso. A raposa marrom répida

Box[11]: x=98, y=616, w=612, h=45, confidence: 82, text: salta sobre 0 C50 preguieoso.

17:57:46.310 [main] INFO net.sourceforge.tess4j.TessAPITest - TessBaseAPIRect
17:57:47.880 [main] INFO net.sourceforge.tess4j.TessAPITest - The (quick) [brown] {fox} jumps!
Over the $43,456.78 <lazy> #90 dog
& duck/goose, as 12.5% of E-mail
from aspammer@website.com is spam.
Der ,,schnelle” braune Fuchs springt
?ber den faulen Hund. Le renard brun
«rapide» saute par-dessus le chien
paresseux. La volpe marrone rapida
salta sopra i] cane pigro. El zorro
marrén répido salta sobre el perro
perezoso. A raposa marrom répida
salta sobre 0 C50 preguieoso.


17:57:47.900 [main] INFO net.sourceforge.tess4j.TessAPITest - TessBaseAPIGetBoolVariable
17:57:47.902 [main] INFO net.sourceforge.tess4j.TessAPITest - TessBaseAPIPrintVariablesToFile
17:57:47.926 [main] INFO net.sourceforge.tess4j.TessAPITest - TessResultRenderer
17:57:49.314 [main] INFO net.sourceforge.tess4j.TessAPITest - TessResultRendererExtention: hocr
TessResultRendererTitle: 
TessResultRendererImageNum: 0
17:57:49.315 [main] INFO net.sourceforge.tess4j.TessAPITest - TessResultRendererExtention: pdf
TessResultRendererTitle: 
TessResultRendererImageNum: 0
17:57:49.315 [main] INFO net.sourceforge.tess4j.TessAPITest - TessResultRendererExtention: txt
TessResultRendererTitle: 
TessResultRendererImageNum: 0
17:57:49.315 [main] INFO net.sourceforge.tess4j.TessAPITest - TessResultRendererExtention: box
TessResultRendererTitle: 
TessResultRendererImageNum: 0
17:57:49.335 [main] INFO net.sourceforge.tess4j.TessAPITest - TessBaseAPIInit4
17:57:49.576 [main] INFO net.sourceforge.tess4j.TessAPITest - TessBaseAPIGetLoadedLanguagesAsVector
17:57:49.818 [main] INFO net.sourceforge.tess4j.TessAPITest - TessBaseAPIGetAvailableLanguagesAsVector
17:57:50.117 [main] INFO net.sourceforge.tess4j.TessAPITest - TessBaseAPIGetHOCRText
17:57:51.665 [main] INFO net.sourceforge.tess4j.TessAPITest - TessBaseAPIGetIterator
17:57:51.896 [Thread-3] INFO net.sourceforge.tess4j.ProgressMonitor - ocr alive: false
17:57:51.896 [Thread-3] INFO net.sourceforge.tess4j.ProgressMonitor - progress: 0
17:57:51.996 [Thread-3] INFO net.sourceforge.tess4j.ProgressMonitor - ocr alive: false
17:57:51.996 [Thread-3] INFO net.sourceforge.tess4j.ProgressMonitor - progress: 0
17:57:52.096 [Thread-3] INFO net.sourceforge.tess4j.ProgressMonitor - ocr alive: false
17:57:52.096 [Thread-3] INFO net.sourceforge.tess4j.ProgressMonitor - progress: 0
17:57:52.196 [Thread-3] INFO net.sourceforge.tess4j.ProgressMonitor - ocr alive: false
17:57:52.196 [Thread-3] INFO net.sourceforge.tess4j.ProgressMonitor - progress: 0
17:57:52.296 [Thread-3] INFO net.sourceforge.tess4j.ProgressMonitor - ocr alive: false
17:57:52.296 [Thread-3] INFO net.sourceforge.tess4j.ProgressMonitor - progress: 0
17:57:52.396 [Thread-3] INFO net.sourceforge.tess4j.ProgressMonitor - ocr alive: false
17:57:52.396 [Thread-3] INFO net.sourceforge.tess4j.ProgressMonitor - progress: 0
17:57:52.496 [Thread-3] INFO net.sourceforge.tess4j.ProgressMonitor - ocr alive: false
17:57:52.496 [Thread-3] INFO net.sourceforge.tess4j.ProgressMonitor - progress: 0
17:57:52.596 [Thread-3] INFO net.sourceforge.tess4j.ProgressMonitor - ocr alive: false
17:57:52.596 [Thread-3] INFO net.sourceforge.tess4j.ProgressMonitor - progress: 0
17:57:52.696 [Thread-3] INFO net.sourceforge.tess4j.ProgressMonitor - ocr alive: false
17:57:52.696 [Thread-3] INFO net.sourceforge.tess4j.ProgressMonitor - progress: 0
17:57:52.796 [Thread-3] INFO net.sourceforge.tess4j.ProgressMonitor - ocr alive: false
17:57:52.796 [Thread-3] INFO net.sourceforge.tess4j.ProgressMonitor - progress: 0
17:57:52.896 [Thread-3] INFO net.sourceforge.tess4j.ProgressMonitor - ocr alive: false
17:57:52.896 [Thread-3] INFO net.sourceforge.tess4j.ProgressMonitor - progress: 0
17:57:52.996 [Thread-3] INFO net.sourceforge.tess4j.ProgressMonitor - ocr alive: false
17:57:52.996 [Thread-3] INFO net.sourceforge.tess4j.ProgressMonitor - progress: 0
17:57:53.096 [Thread-3] INFO net.sourceforge.tess4j.ProgressMonitor - ocr alive: false
17:57:53.096 [Thread-3] INFO net.sourceforge.tess4j.ProgressMonitor - progress: 0
17:57:53.196 [Thread-3] INFO net.sourceforge.tess4j.ProgressMonitor - ocr alive: false
17:57:53.196 [Thread-3] INFO net.sourceforge.tess4j.ProgressMonitor - progress: 0
17:57:53.296 [Thread-3] INFO net.sourceforge.tess4j.ProgressMonitor - ocr alive: false
17:57:53.296 [Thread-3] INFO net.sourceforge.tess4j.ProgressMonitor - progress: 0
17:57:53.316 [main] INFO net.sourceforge.tess4j.TessAPITest - Message: 000000000000000
17:57:53.317 [main] INFO net.sourceforge.tess4j.TessAPITest - Bounding boxes:
char(s) left top right bottom confidence font-attributes
The 105 66 178 97 90.49322517:57:53.317 [main] INFO net.sourceforge.tess4j.TessAPITest -   font: Times_New_Roman, size: 9, font id: 283, bold: false, italic: false, underlined: false, monospace: false, serif: true, smallcap: false
(quick) 205 67 347 106 87.13725317:57:53.319 [main] INFO net.sourceforge.tess4j.TessAPITest -   font: Times_New_Roman_Bold, size: 9, font id: 284, bold: true, italic: false, underlined: false, monospace: false, serif: true, smallcap: false
[brown] 376 69 528 109 89.41955617:57:53.320 [main] INFO net.sourceforge.tess4j.TessAPITest -   font: Times_New_Roman, size: 9, font id: 283, bold: false, italic: false, underlined: false, monospace: false, serif: true, smallcap: false
{fox} 559 71 663 110 89.93277017:57:53.322 [main] INFO net.sourceforge.tess4j.TessAPITest -   font: Times_New_Roman, size: 9, font id: 283, bold: false, italic: false, underlined: false, monospace: false, serif: true, smallcap: false
jumps! 687 73 823 113 89.35710917:57:53.322 [main] INFO net.sourceforge.tess4j.TessAPITest -   font: Times_New_Roman, size: 9, font id: 283, bold: false, italic: false, underlined: false, monospace: false, serif: true, smallcap: false
Over 104 115 199 147 91.76277917:57:53.323 [main] INFO net.sourceforge.tess4j.TessAPITest -   font: Times_New_Roman, size: 10, font id: 283, bold: false, italic: false, underlined: false, monospace: false, serif: true, smallcap: false
the 224 117 283 148 89.95845817:57:53.324 [main] INFO net.sourceforge.tess4j.TessAPITest -   font: Times_New_Roman, size: 10, font id: 283, bold: false, italic: false, underlined: false, monospace: false, serif: true, smallcap: false
$43,456.78 310 117 533 155 88.32437117:57:53.326 [main] INFO net.sourceforge.tess4j.TessAPITest -   font: Times_New_Roman, size: 10, font id: 283, bold: false, italic: false, underlined: false, monospace: false, serif: true, smallcap: false
<lazy> 561 121 696 162 92.76135317:57:53.327 [main] INFO net.sourceforge.tess4j.TessAPITest -   font: Times_New_Roman, size: 10, font id: 283, bold: false, italic: false, underlined: false, monospace: false, serif: true, smallcap: false
#90 722 123 791 154 92.21235717:57:53.328 [main] INFO net.sourceforge.tess4j.TessAPITest -   font: Times_New_Roman, size: 10, font id: 283, bold: false, italic: false, underlined: false, monospace: false, serif: true, smallcap: false
dog 818 125 887 165 89.43035117:57:53.329 [main] INFO net.sourceforge.tess4j.TessAPITest -   font: Times_New_Roman, size: 10, font id: 283, bold: false, italic: false, underlined: false, monospace: false, serif: true, smallcap: false
& 103 165 134 196 91.04525817:57:53.330 [main] INFO net.sourceforge.tess4j.TessAPITest -   font: Times_New_Roman, size: 10, font id: 283, bold: false, italic: false, underlined: false, monospace: false, serif: true, smallcap: false
duck/goose, 160 166 396 206 88.79320517:57:53.331 [main] INFO net.sourceforge.tess4j.TessAPITest -   font: Times_New_Roman, size: 10, font id: 283, bold: false, italic: false, underlined: false, monospace: false, serif: true, smallcap: false
as 424 178 463 201 92.73037717:57:53.332 [main] INFO net.sourceforge.tess4j.TessAPITest -   font: Times_New_Roman, size: 10, font id: 283, bold: false, italic: false, underlined: false, monospace: false, serif: true, smallcap: false
12.5% 493 171 614 203 91.61330417:57:53.333 [main] INFO net.sourceforge.tess4j.TessAPITest -   font: Times_New_Roman, size: 10, font id: 283, bold: false, italic: false, underlined: false, monospace: false, serif: true, smallcap: false
of 638 172 680 204 89.45312517:57:53.334 [main] INFO net.sourceforge.tess4j.TessAPITest -   font: Times_New_Roman, size: 10, font id: 283, bold: false, italic: false, underlined: false, monospace: false, serif: true, smallcap: false
E-mail 700 174 835 206 91.03539317:57:53.350 [main] INFO net.sourceforge.tess4j.TessAPITest -   font: Times_New_Roman, size: 10, font id: 283, bold: false, italic: false, underlined: false, monospace: false, serif: true, smallcap: false
from 103 215 194 247 89.33738717:57:53.351 [main] INFO net.sourceforge.tess4j.TessAPITest -   font: Times_New_Roman, size: 9, font id: 283, bold: false, italic: false, underlined: false, monospace: false, serif: true, smallcap: false
aspammer@website.com 220 219 716 260 87.22178617:57:53.353 [main] INFO net.sourceforge.tess4j.TessAPITest -   font: Times_New_Roman, size: 9, font id: 283, bold: false, italic: false, underlined: false, monospace: false, serif: true, smallcap: false
is 742 223 773 255 93.23831217:57:53.354 [main] INFO net.sourceforge.tess4j.TessAPITest -   font: Times_New_Roman, size: 9, font id: 283, bold: false, italic: false, underlined: false, monospace: false, serif: true, smallcap: false
spam. 799 233 911 264 88.83859317:57:53.356 [main] INFO net.sourceforge.tess4j.TessAPITest -   font: Times_New_Roman, size: 9, font id: 283, bold: false, italic: false, underlined: false, monospace: false, serif: true, smallcap: false
Der 102 266 173 297 89.99256117:57:53.357 [main] INFO net.sourceforge.tess4j.TessAPITest -   font: Times_New_Roman, size: 9, font id: 283, bold: false, italic: false, underlined: false, monospace: false, serif: true, smallcap: false
,,schnelle” 198 267 406 302 78.85304317:57:53.359 [main] INFO net.sourceforge.tess4j.TessAPITest -   font: Times_New_Roman, size: 9, font id: 283, bold: false, italic: false, underlined: false, monospace: false, serif: true, smallcap: false
braune 433 269 568 302 91.46485917:57:53.362 [main] INFO net.sourceforge.tess4j.TessAPITest -   font: Times_New_Roman, size: 9, font id: 283, bold: false, italic: false, underlined: false, monospace: false, serif: true, smallcap: false
Fuchs 594 272 709 304 91.18370117:57:53.364 [main] INFO net.sourceforge.tess4j.TessAPITest -   font: Times_New_Roman, size: 9, font id: 283, bold: false, italic: false, underlined: false, monospace: false, serif: true, smallcap: false
springt 735 274 877 314 83.84573417:57:53.365 [main] INFO net.sourceforge.tess4j.TessAPITest -   font: Times_New_Roman, size: 9, font id: 283, bold: false, italic: false, underlined: false, monospace: false, serif: true, smallcap: false
?ber 102 315 187 347 75.94093317:57:53.367 [main] INFO net.sourceforge.tess4j.TessAPITest -   font: Times_New_Roman, size: 9, font id: 283, bold: false, italic: false, underlined: false, monospace: false, serif: true, smallcap: false
den 212 317 280 348 91.02278117:57:53.368 [main] INFO net.sourceforge.tess4j.TessAPITest -   font: Times_New_Roman, size: 9, font id: 283, bold: false, italic: false, underlined: false, monospace: false, serif: true, smallcap: false
faulen 306 318 430 350 86.81765717:57:53.369 [main] INFO net.sourceforge.tess4j.TessAPITest -   font: Times_New_Roman, size: 9, font id: 283, bold: false, italic: false, underlined: false, monospace: false, serif: true, smallcap: false
Hund. 456 320 572 352 92.35119617:57:53.371 [main] INFO net.sourceforge.tess4j.TessAPITest -   font: Times_New_Roman, size: 9, font id: 283, bold: false, italic: false, underlined: false, monospace: false, serif: true, smallcap: false
Le 601 322 648 354 87.86200017:57:53.373 [main] INFO net.sourceforge.tess4j.TessAPITest -   font: Times_New_Roman, size: 9, font id: 283, bold: false, italic: false, underlined: false, monospace: false, serif: true, smallcap: false
renard 674 324 803 356 87.81198917:57:53.374 [main] INFO net.sourceforge.tess4j.TessAPITest -   font: Times_New_Roman, size: 9, font id: 283, bold: false, italic: false, underlined: false, monospace: false, serif: true, smallcap: false
brun 827 325 918 357 90.92222617:57:53.376 [main] INFO net.sourceforge.tess4j.TessAPITest -   font: Times_New_Roman, size: 9, font id: 283, bold: false, italic: false, underlined: false, monospace: false, serif: true, smallcap: false
«rapide» 101 366 274 405 88.68408217:57:53.378 [main] INFO net.sourceforge.tess4j.TessAPITest -   font: Times_New_Roman, size: 9, font id: 283, bold: false, italic: false, underlined: false, monospace: false, serif: true, smallcap: false
saute 302 373 403 400 88.73291017:57:53.379 [main] INFO net.sourceforge.tess4j.TessAPITest -   font: Times_New_Roman, size: 9, font id: 283, bold: false, italic: false, underlined: false, monospace: false, serif: true, smallcap: false
par-dessus 428 371 641 409 87.19146017:57:53.381 [main] INFO net.sourceforge.tess4j.TessAPITest -   font: Times_New_Roman, size: 9, font id: 283, bold: false, italic: false, underlined: false, monospace: false, serif: true, smallcap: false
le 667 372 700 404 91.22314517:57:53.382 [main] INFO net.sourceforge.tess4j.TessAPITest -   font: Times_New_Roman, size: 9, font id: 283, bold: false, italic: false, underlined: false, monospace: false, serif: true, smallcap: false
chien 725 374 833 406 90.68603517:57:53.383 [main] INFO net.sourceforge.tess4j.TessAPITest -   font: Times_New_Roman, size: 9, font id: 283, bold: false, italic: false, underlined: false, monospace: false, serif: true, smallcap: false
paresseux. 100 424 308 454 89.91584817:57:53.385 [main] INFO net.sourceforge.tess4j.TessAPITest -   font: Times_New_Roman, size: 9, font id: 283, bold: false, italic: false, underlined: false, monospace: false, serif: true, smallcap: false
La 337 419 384 450 90.14282217:57:53.386 [main] INFO net.sourceforge.tess4j.TessAPITest -   font: Times_New_Roman, size: 9, font id: 283, bold: false, italic: false, underlined: false, monospace: false, serif: true, smallcap: false
volpe 409 420 516 459 90.51208517:57:53.388 [main] INFO net.sourceforge.tess4j.TessAPITest -   font: Times_New_Roman, size: 9, font id: 283, bold: false, italic: false, underlined: false, monospace: false, serif: true, smallcap: false
marrone 543 430 707 455 89.82218917:57:53.390 [main] INFO net.sourceforge.tess4j.TessAPITest -   font: Times_New_Roman, size: 9, font id: 283, bold: false, italic: false, underlined: false, monospace: false, serif: true, smallcap: false
17:57:53.396 [Thread-3] INFO net.sourceforge.tess4j.ProgressMonitor - ocr alive: true
17:57:53.464 [Thread-3] INFO net.sourceforge.tess4j.ProgressMonitor - progress: 100
rapida 733 424 859 464 85.99107417:57:53.465 [main] INFO net.sourceforge.tess4j.TessAPITest -   font: Times_New_Roman, size: 9, font id: 283, bold: false, italic: false, underlined: false, monospace: false, serif: true, smallcap: false
salta 100 466 192 497 90.31024917:57:53.466 [main] INFO net.sourceforge.tess4j.TessAPITest -   font: Times_New_Roman, size: 10, font id: 283, bold: false, italic: false, underlined: false, monospace: false, serif: true, smallcap: false
sopra 219 475 324 507 90.34414717:57:53.466 [main] INFO net.sourceforge.tess4j.TessAPITest -   font: Times_New_Roman, size: 10, font id: 283, bold: false, italic: false, underlined: false, monospace: false, serif: true, smallcap: false
i] 351 468 376 499 90.22200017:57:53.467 [main] INFO net.sourceforge.tess4j.TessAPITest -   font: Times_New_Roman, size: 10, font id: 283, bold: false, italic: false, underlined: false, monospace: false, serif: true, smallcap: false
cane 403 478 491 501 90.80200217:57:53.469 [main] INFO net.sourceforge.tess4j.TessAPITest -   font: Times_New_Roman, size: 10, font id: 283, bold: false, italic: false, underlined: false, monospace: false, serif: true, smallcap: false
pigro. 517 471 633 511 89.40604417:57:53.471 [main] INFO net.sourceforge.tess4j.TessAPITest -   font: Times_New_Roman, size: 10, font id: 283, bold: false, italic: false, underlined: false, monospace: false, serif: true, smallcap: false
El 662 473 703 504 96.02223217:57:53.472 [main] INFO net.sourceforge.tess4j.TessAPITest -   font: Times_New_Roman, size: 10, font id: 283, bold: false, italic: false, underlined: false, monospace: false, serif: true, smallcap: false
zorro 729 482 834 506 88.81683317:57:53.473 [main] INFO net.sourceforge.tess4j.TessAPITest -   font: Times_New_Roman, size: 10, font id: 283, bold: false, italic: false, underlined: false, monospace: false, serif: true, smallcap: false
marrén 99 516 242 548 79.19206217:57:53.473 [main] INFO net.sourceforge.tess4j.TessAPITest -   font: Times_New_Roman, size: 9, font id: 283, bold: false, italic: false, underlined: false, monospace: false, serif: true, smallcap: false
répido 268 517 395 557 76.83786817:57:53.474 [main] INFO net.sourceforge.tess4j.TessAPITest -   font: Times_New_Roman, size: 9, font id: 283, bold: false, italic: false, underlined: false, monospace: false, serif: true, smallcap: false
salta 421 520 513 552 90.54591417:57:53.474 [main] INFO net.sourceforge.tess4j.TessAPITest -   font: Times_New_Roman, size: 9, font id: 283, bold: false, italic: false, underlined: false, monospace: false, serif: true, smallcap: false
sobre 540 521 644 554 93.64624017:57:53.474 [main] INFO net.sourceforge.tess4j.TessAPITest -   font: Times_New_Roman, size: 9, font id: 283, bold: false, italic: false, underlined: false, monospace: false, serif: true, smallcap: false
el 669 523 702 554 91.27502417:57:53.475 [main] INFO net.sourceforge.tess4j.TessAPITest -   font: Times_New_Roman, size: 9, font id: 283, bold: false, italic: false, underlined: false, monospace: false, serif: true, smallcap: false
perro 728 532 833 563 88.13781717:57:53.475 [main] INFO net.sourceforge.tess4j.TessAPITest -   font: Times_New_Roman, size: 9, font id: 283, bold: false, italic: false, underlined: false, monospace: false, serif: true, smallcap: false
perezoso. 98 574 284 604 89.29917117:57:53.475 [main] INFO net.sourceforge.tess4j.TessAPITest -   font: Times_New_Roman, size: 10, font id: 283, bold: false, italic: false, underlined: false, monospace: false, serif: true, smallcap: false
A 313 568 342 598 92.23022517:57:53.476 [main] INFO net.sourceforge.tess4j.TessAPITest -   font: Times_New_Roman, size: 10, font id: 283, bold: false, italic: false, underlined: false, monospace: false, serif: true, smallcap: false
raposa 369 578 497 609 91.48829717:57:53.477 [main] INFO net.sourceforge.tess4j.TessAPITest -   font: Times_New_Roman, size: 10, font id: 283, bold: false, italic: false, underlined: false, monospace: false, serif: true, smallcap: false
marrom 523 579 677 604 89.25018317:57:53.477 [main] INFO net.sourceforge.tess4j.TessAPITest -   font: Times_New_Roman, size: 10, font id: 283, bold: false, italic: false, underlined: false, monospace: false, serif: true, smallcap: false
répida 703 573 829 613 75.12800617:57:53.478 [main] INFO net.sourceforge.tess4j.TessAPITest -   font: Times_New_Roman, size: 10, font id: 283, bold: false, italic: false, underlined: false, monospace: false, serif: true, smallcap: false
salta 98 616 190 647 86.05429117:57:53.480 [main] INFO net.sourceforge.tess4j.TessAPITest -   font: Times_New_Roman, size: 10, font id: 283, bold: false, italic: false, underlined: false, monospace: false, serif: true, smallcap: false
sobre 217 617 320 649 90.23437517:57:53.481 [main] INFO net.sourceforge.tess4j.TessAPITest -   font: Times_New_Roman, size: 10, font id: 283, bold: false, italic: false, underlined: false, monospace: false, serif: true, smallcap: false
0 346 627 366 650 89.35874217:57:53.482 [main] INFO net.sourceforge.tess4j.TessAPITest -   font: Century_Schoolbook_L_Bold, size: 10, font id: 60, bold: true, italic: false, underlined: false, monospace: false, serif: true, smallcap: false
C50 391 621 456 651 72.61098517:57:53.574 [main] INFO net.sourceforge.tess4j.TessAPITest -   font: Times_New_Roman, size: 10, font id: 283, bold: false, italic: false, underlined: false, monospace: false, serif: true, smallcap: true
preguieoso. 481 621 710 661 74.68872117:57:53.575 [main] INFO net.sourceforge.tess4j.TessAPITest -   font: Times_New_Roman, size: 10, font id: 283, bold: false, italic: false, underlined: false, monospace: false, serif: true, smallcap: false
17:57:53.603 [main] INFO net.sourceforge.tess4j.TessAPITest - TessVersion
17:57:53.603 [main] INFO net.sourceforge.tess4j.TessAPITest - 3.04.01
]]></system-out>
  <system-err><![CDATA[]]></system-err>
</testsuite>
