<?xml version="1.0" encoding="UTF-8" ?>
<testsuite errors="0" failures="0" hostname="MALLICKH2" name="net.sourceforge.tess4j.util.PdfUtilitiesTest" skipped="0" tests="5" time="3.193" timestamp="2016-05-18T12:28:36">
  <properties>
[...]
</properties>
  <testcase classname="net.sourceforge.tess4j.util.PdfUtilitiesTest" name="testSplitPdf" time="1.464" />
  <testcase classname="net.sourceforge.tess4j.util.PdfUtilitiesTest" name="testGetPdfPageCount" time="0.101" />
  <testcase classname="net.sourceforge.tess4j.util.PdfUtilitiesTest" name="testMergePdf" time="0.783" />
  <testcase classname="net.sourceforge.tess4j.util.PdfUtilitiesTest" name="testConvertPdf2Png" time="0.178" />
  <testcase classname="net.sourceforge.tess4j.util.PdfUtilitiesTest" name="testConvertPdf2Tiff" time="0.552" />
  <system-out><![CDATA[17:58:36.483 [main] INFO net.sourceforge.tess4j.util.PdfUtilitiesTest - splitPdf
17:58:37.942 [main] INFO net.sourceforge.tess4j.util.PdfUtilitiesTest - getPdfPageCount
17:58:38.045 [main] INFO net.sourceforge.tess4j.util.PdfUtilitiesTest - mergePdf
17:58:38.830 [main] INFO net.sourceforge.tess4j.util.PdfUtilitiesTest - convertPdf2Png
17:58:39.010 [main] INFO net.sourceforge.tess4j.util.PdfUtilitiesTest - convertPdf2Tiff
]]></system-out>
  <system-err><![CDATA[]]></system-err>
</testsuite>
